<?xml version="1.0" encoding="UTF-8"?>
<!-- Generated by org.testng.reporters.JUnitReportReporter -->
<testsuite hostname="LIN-5CG21824N7" failures="0" tests="6" name="runner.testng" time="0.249" errors="0" timestamp="2024-04-02T12:55:34 IST" skipped="0">
  <testcase classname="runner.testng" name="runScenario" time="0.010"/>
  <system-out/>
  <testcase classname="runner.testng" name="runScenario" time="0.017"/>
  <system-out/>
  <testcase classname="runner.testng" name="runScenario" time="0.015"/>
  <system-out/>
  <testcase classname="runner.testng" name="runScenario" time="0.010"/>
  <system-out/>
  <testcase classname="runner.testng" name="runScenario" time="0.013"/>
  <system-out/>
  <testcase classname="runner.testng" name="runScenario" time="0.184"/>
  <system-out/>
</testsuite> <!-- runner.testng -->
